<?xml version="1.0" encoding="UTF-8"?>
<!-- Generated by org.testng.reporters.JUnitReportReporter -->
<testsuite hostname="Gauravs-MacBook-Air.local" failures="0" tests="1" name="com.maven.E2EJenkins.TestNGtest" time="7.604" errors="0" timestamp="2020-10-20T22:51:28 IST" skipped="0">
  <testcase classname="com.maven.E2EJenkins.TestNGtest" name="test" time="7.604"/>
  <system-out/>
</testsuite> <!-- com.maven.E2EJenkins.TestNGtest -->
